<?xml version="1.0" encoding="UTF-8"?>
<!-- Generated by org.testng.reporters.JUnitReportReporter -->
<testsuite hostname="5nroor063" failures="0" tests="1" name="tests.RestAssuredAuthExample" time="2.796" errors="0" timestamp="2024-07-29T20:24:15 OESZ" skipped="0">
  <testcase classname="tests.RestAssuredAuthExample" name="formAuth" time="2.796"/>
  <system-out/>
</testsuite> <!-- tests.RestAssuredAuthExample -->
