<?xml version="1.0" encoding="UTF-8"?>
<!-- Generated by org.testng.reporters.JUnitReportReporter -->
<testsuite hostname="5nroor063" failures="0" tests="1" name="tests.BaseComponent3Test" time="0.603" errors="0" timestamp="2024-08-07T21:05:23 EEST" skipped="0">
  <testcase classname="tests.BaseComponent3Test" name="postTodoWithToken" time="0.603"/>
  <system-out/>
</testsuite> <!-- tests.BaseComponent3Test -->
