<?xml version="1.0" encoding="UTF-8"?>
<!-- Generated by org.testng.reporters.JUnitReportReporter -->
<testsuite hostname="5nroor063" failures="0" tests="1" name="tests.MultiPartExample" time="3.829" errors="0" timestamp="2024-07-31T21:02:09 OESZ" skipped="0">
  <testcase classname="tests.MultiPartExample" name="multiPartTest" time="3.829"/>
  <system-out/>
</testsuite> <!-- tests.MultiPartExample -->
