<?xml version="1.0" encoding="UTF-8"?>
<!-- Generated by org.testng.reporters.JUnitReportReporter -->
<testsuite hostname="5nroor063" failures="0" tests="1" name="tests.RestAssuredXmlExample" time="2.107" errors="0" timestamp="2024-07-31T21:23:46 OESZ" skipped="0">
  <testcase classname="tests.RestAssuredXmlExample" name="textXMLResponse" time="2.107"/>
  <system-out/>
</testsuite> <!-- tests.RestAssuredXmlExample -->
