<?xml version="1.0" encoding="UTF-8"?>
<!-- Generated by org.testng.reporters.JUnitReportReporter -->
<testsuite hostname="5nroor063" failures="0" tests="1" name="tests.SchemaValidationExample" time="1.860" errors="0" timestamp="2024-07-25T11:37:49 OESZ" skipped="0">
  <testcase classname="tests.SchemaValidationExample" name="testResponseSchema" time="1.860"/>
  <system-out/>
</testsuite> <!-- tests.SchemaValidationExample -->
