<?xml version="1.0" encoding="UTF-8"?>
<!-- Generated by org.testng.reporters.JUnitReportReporter -->
<testsuite hostname="5nroor063" failures="0" tests="4" name="tests.CrudExamples" time="3.141" errors="0" timestamp="2024-07-15T20:28:47 OESZ" skipped="0">
  <testcase classname="tests.CrudExamples" name="createTodo" time="1.911"/>
  <system-out/>
  <testcase classname="tests.CrudExamples" name="getTodo" time="0.418"/>
  <system-out/>
  <testcase classname="tests.CrudExamples" name="updateTodo" time="0.335"/>
  <system-out/>
  <testcase classname="tests.CrudExamples" name="deleteTodo" time="0.477"/>
  <system-out/>
</testsuite> <!-- tests.CrudExamples -->
