<?xml version="1.0" encoding="UTF-8"?>
<!-- Generated by org.testng.reporters.JUnitReportReporter -->
<testsuite hostname="5nroor063" failures="0" tests="1" name="tests.RestExample" time="0.456" errors="0" timestamp="2024-08-07T20:46:46 EEST" skipped="0">
  <testcase classname="tests.RestExample" name="restExampleTest" time="0.456"/>
  <system-out/>
</testsuite> <!-- tests.RestExample -->
