<?xml version="1.0" encoding="UTF-8"?>
<!-- Generated by org.testng.reporters.JUnitReportReporter -->
<testsuite hostname="5nroor063" failures="0" tests="1" name="tests.ParseJson" time="0.946" errors="0" timestamp="2024-07-22T21:34:11 OESZ" skipped="0">
  <testcase classname="tests.ParseJson" name="parseJson" time="0.946"/>
  <system-out/>
</testsuite> <!-- tests.ParseJson -->
