<?xml version="1.0" encoding="UTF-8"?>
<!-- Generated by org.testng.reporters.JUnitReportReporter -->
<testsuite hostname="5nroor063" failures="0" tests="1" name="tests.HamcrestExample" time="1.839" errors="0" timestamp="2024-07-24T18:44:11 OESZ" skipped="0">
  <testcase classname="tests.HamcrestExample" name="hamcrestTest" time="1.839"/>
  <system-out/>
</testsuite> <!-- tests.HamcrestExample -->
