<?xml version="1.0" encoding="UTF-8"?>
<!-- Generated by org.testng.reporters.JUnitReportReporter -->
<testsuite hostname="5nroor063" failures="0" tests="1" name="tests.RestExample" time="2.373" errors="0" timestamp="2024-07-15T19:34:30 OESZ" skipped="0">
  <testcase classname="tests.RestExample" name="restExampleTest" time="2.373"/>
  <system-out/>
</testsuite> <!-- tests.RestExample -->
