<?xml version="1.0" encoding="UTF-8"?>
<!-- Generated by org.testng.reporters.JUnitReportReporter -->
<testsuite hostname="5nroor063" failures="0" tests="1" name="tests.TestRequestWithLombok" time="2.140" errors="0" timestamp="2024-08-05T21:23:21 OESZ" skipped="0">
  <testcase classname="tests.TestRequestWithLombok" name="createBooking" time="2.140"/>
  <system-out/>
</testsuite> <!-- tests.TestRequestWithLombok -->
