<?xml version="1.0" encoding="UTF-8"?>
<!-- Generated by org.testng.reporters.JUnitReportReporter -->
<testsuite hostname="5nroor063" failures="0" tests="1" name="tests.JsonPathExample" time="2.607" errors="0" timestamp="2024-07-25T11:37:14 OESZ" skipped="0">
  <testcase classname="tests.JsonPathExample" name="testJsonPath" time="2.607"/>
  <system-out/>
</testsuite> <!-- tests.JsonPathExample -->
