<?xml version="1.0" encoding="UTF-8"?>
<!-- Generated by org.testng.reporters.JUnitReportReporter -->
<testsuite hostname="5nroor063" failures="0" tests="4" name="tests.CrudExamples" time="2.137" errors="0" timestamp="2024-08-07T20:46:46 EEST" skipped="0">
  <testcase classname="tests.CrudExamples" name="createTodo" time="0.697"/>
  <system-out/>
  <testcase classname="tests.CrudExamples" name="getTodo" time="0.358"/>
  <system-out/>
  <testcase classname="tests.CrudExamples" name="updateTodo" time="0.699"/>
  <system-out/>
  <testcase classname="tests.CrudExamples" name="deleteTodo" time="0.383"/>
  <system-out/>
</testsuite> <!-- tests.CrudExamples -->
