<?xml version="1.0" encoding="UTF-8"?>
<!-- Generated by org.testng.reporters.JUnitReportReporter -->
<testsuite hostname="5nroor063" failures="0" tests="1" name="tests.RestAssuredHtmlExample" time="2.857" errors="0" timestamp="2024-08-05T19:57:09 OESZ" skipped="0">
  <testcase classname="tests.RestAssuredHtmlExample" name="testHtmlResponse" time="2.857"/>
  <system-out/>
</testsuite> <!-- tests.RestAssuredHtmlExample -->
