<?xml version="1.0" encoding="UTF-8"?>
<!-- Generated by org.testng.reporters.JUnitReportReporter -->
<testsuite hostname="5nroor063" failures="0" tests="1" name="tests.LombokExample" time="0.006" errors="0" timestamp="2024-08-05T20:57:20 OESZ" skipped="0">
  <testcase classname="tests.LombokExample" name="testLombok" time="0.006"/>
  <system-out/>
</testsuite> <!-- tests.LombokExample -->
