<?xml version="1.0" encoding="UTF-8"?>
<!-- Generated by org.testng.reporters.JUnitReportReporter -->
<testsuite hostname="5nroor063" failures="0" tests="1" name="tests.HamcrestExample" time="2.478" errors="0" timestamp="2024-07-25T11:35:19 OESZ" skipped="0">
  <testcase classname="tests.HamcrestExample" name="hamcrestTest" time="2.478"/>
  <system-out/>
</testsuite> <!-- tests.HamcrestExample -->
