<?xml version="1.0" encoding="UTF-8"?>
<!-- Generated by org.testng.reporters.JUnitReportReporter -->
<testsuite hostname="5nroor063" failures="0" tests="1" name="tests.SentFromFile" time="3.556" errors="0" timestamp="2024-07-22T21:34:24 OESZ" skipped="0">
  <testcase classname="tests.SentFromFile" name="testJsonFile" time="3.556"/>
  <system-out/>
</testsuite> <!-- tests.SentFromFile -->
